{"/Users/micheleriva/Projects/languages/ts/std/src/array/chain/index.ts": {"path":"/Users/micheleriva/Projects/languages/ts/std/src/array/chain/index.ts","statementMap":{"0":{"start":{"line":5,"column":2},"end":{"line":5,"column":26}},"1":{"start":{"line":4,"column":0},"end":{"line":4,"column":16}},"2":{"start":{"line":9,"column":2},"end":{"line":11,"column":4}},"3":{"start":{"line":10,"column":4},"end":{"line":10,"column":41}},"4":{"start":{"line":8,"column":0},"end":{"line":8,"column":16}}},"fnMap":{"0":{"name":"chain","decl":{"start":{"line":4,"column":16},"end":{"line":4,"column":21}},"loc":{"start":{"line":4,"column":66},"end":{"line":6,"column":1}}},"1":{"name":"inherit","decl":{"start":{"line":8,"column":16},"end":{"line":8,"column":23}},"loc":{"start":{"line":8,"column":23},"end":{"line":12,"column":1}}},"2":{"name":"(anonymous_2)","decl":{"start":{"line":9,"column":26},"end":{"line":9,"column":42}},"loc":{"start":{"line":9,"column":77},"end":{"line":11,"column":3}}}},"branchMap":{},"s":{"0":1,"1":1,"2":1,"3":0,"4":1},"f":{"0":1,"1":1,"2":0},"b":{}}
,"/Users/micheleriva/Projects/languages/ts/std/src/array/product/index.ts": {"path":"/Users/micheleriva/Projects/languages/ts/std/src/array/product/index.ts","statementMap":{"0":{"start":{"line":2,"column":2},"end":{"line":2,"column":50}},"1":{"start":{"line":2,"column":35},"end":{"line":2,"column":45}},"2":{"start":{"line":1,"column":0},"end":{"line":1,"column":16}},"3":{"start":{"line":6,"column":2},"end":{"line":8,"column":4}},"4":{"start":{"line":7,"column":4},"end":{"line":7,"column":25}},"5":{"start":{"line":5,"column":0},"end":{"line":5,"column":16}}},"fnMap":{"0":{"name":"product","decl":{"start":{"line":1,"column":16},"end":{"line":1,"column":23}},"loc":{"start":{"line":1,"column":37},"end":{"line":3,"column":1}}},"1":{"name":"(anonymous_1)","decl":{"start":{"line":2,"column":20},"end":{"line":2,"column":21}},"loc":{"start":{"line":2,"column":35},"end":{"line":2,"column":45}}},"2":{"name":"inherit","decl":{"start":{"line":5,"column":16},"end":{"line":5,"column":23}},"loc":{"start":{"line":5,"column":23},"end":{"line":9,"column":1}}},"3":{"name":"(anonymous_3)","decl":{"start":{"line":6,"column":28},"end":{"line":6,"column":null}},"loc":{"start":{"line":6,"column":28},"end":{"line":8,"column":3}}}},"branchMap":{},"s":{"0":2,"1":7,"2":1,"3":1,"4":1,"5":1},"f":{"0":2,"1":7,"2":1,"3":1},"b":{}}
,"/Users/micheleriva/Projects/languages/ts/std/src/array/transpose/index.ts": {"path":"/Users/micheleriva/Projects/languages/ts/std/src/array/transpose/index.ts","statementMap":{"0":{"start":{"line":2,"column":2},"end":{"line":2,"column":50}},"1":{"start":{"line":2,"column":29},"end":{"line":2,"column":48}},"2":{"start":{"line":2,"column":43},"end":{"line":2,"column":47}},"3":{"start":{"line":1,"column":0},"end":{"line":1,"column":16}},"4":{"start":{"line":6,"column":2},"end":{"line":8,"column":4}},"5":{"start":{"line":7,"column":4},"end":{"line":7,"column":36}},"6":{"start":{"line":5,"column":0},"end":{"line":5,"column":16}}},"fnMap":{"0":{"name":"transpose","decl":{"start":{"line":1,"column":16},"end":{"line":1,"column":25}},"loc":{"start":{"line":1,"column":38},"end":{"line":3,"column":1}}},"1":{"name":"(anonymous_1)","decl":{"start":{"line":2,"column":19},"end":{"line":2,"column":20}},"loc":{"start":{"line":2,"column":29},"end":{"line":2,"column":48}}},"2":{"name":"(anonymous_2)","decl":{"start":{"line":2,"column":36},"end":{"line":2,"column":37}},"loc":{"start":{"line":2,"column":43},"end":{"line":2,"column":47}}},"3":{"name":"inherit","decl":{"start":{"line":5,"column":16},"end":{"line":5,"column":23}},"loc":{"start":{"line":5,"column":23},"end":{"line":9,"column":1}}},"4":{"name":"(anonymous_4)","decl":{"start":{"line":6,"column":30},"end":{"line":6,"column":null}},"loc":{"start":{"line":6,"column":30},"end":{"line":8,"column":3}}}},"branchMap":{},"s":{"0":3,"1":9,"2":27,"3":1,"4":1,"5":1,"6":1},"f":{"0":3,"1":9,"2":27,"3":1,"4":1},"b":{}}
,"/Users/micheleriva/Projects/languages/ts/std/src/array/union/index.ts": {"path":"/Users/micheleriva/Projects/languages/ts/std/src/array/union/index.ts","statementMap":{"0":{"start":{"line":2,"column":2},"end":{"line":2,"column":53}},"1":{"start":{"line":2,"column":34},"end":{"line":2,"column":50}},"2":{"start":{"line":1,"column":0},"end":{"line":1,"column":16}},"3":{"start":{"line":6,"column":2},"end":{"line":8,"column":4}},"4":{"start":{"line":7,"column":4},"end":{"line":7,"column":37}},"5":{"start":{"line":5,"column":0},"end":{"line":5,"column":16}}},"fnMap":{"0":{"name":"union","decl":{"start":{"line":1,"column":16},"end":{"line":1,"column":21}},"loc":{"start":{"line":1,"column":39},"end":{"line":3,"column":1}}},"1":{"name":"(anonymous_1)","decl":{"start":{"line":2,"column":27},"end":{"line":2,"column":28}},"loc":{"start":{"line":2,"column":34},"end":{"line":2,"column":50}}},"2":{"name":"inherit","decl":{"start":{"line":5,"column":16},"end":{"line":5,"column":23}},"loc":{"start":{"line":5,"column":23},"end":{"line":9,"column":1}}},"3":{"name":"(anonymous_3)","decl":{"start":{"line":6,"column":26},"end":{"line":6,"column":39}},"loc":{"start":{"line":6,"column":49},"end":{"line":8,"column":3}}}},"branchMap":{},"s":{"0":4,"1":10,"2":1,"3":1,"4":1,"5":1},"f":{"0":4,"1":10,"2":1,"3":1},"b":{}}
}
