TN:
SF:src/array/chain/index.ts
FN:4,chain
FN:8,inherit
FN:9,(anonymous_2)
FNF:3
FNH:2
FNDA:1,chain
FNDA:1,inherit
FNDA:0,(anonymous_2)
DA:4,1
DA:5,1
DA:8,1
DA:9,1
DA:10,0
LF:5
LH:4
BRF:0
BRH:0
end_of_record
TN:
SF:src/array/product/index.ts
FN:1,product
FN:2,(anonymous_1)
FN:5,inherit
FN:6,(anonymous_3)
FNF:4
FNH:4
FNDA:2,product
FNDA:7,(anonymous_1)
FNDA:1,inherit
FNDA:1,(anonymous_3)
DA:1,1
DA:2,7
DA:5,1
DA:6,1
DA:7,1
LF:5
LH:5
BRF:0
BRH:0
end_of_record
TN:
SF:src/array/transpose/index.ts
FN:1,transpose
FN:2,(anonymous_1)
FN:2,(anonymous_2)
FN:5,inherit
FN:6,(anonymous_4)
FNF:5
FNH:5
FNDA:3,transpose
FNDA:9,(anonymous_1)
FNDA:27,(anonymous_2)
FNDA:1,inherit
FNDA:1,(anonymous_4)
DA:1,1
DA:2,27
DA:5,1
DA:6,1
DA:7,1
LF:5
LH:5
BRF:0
BRH:0
end_of_record
TN:
SF:src/array/union/index.ts
FN:1,union
FN:2,(anonymous_1)
FN:5,inherit
FN:6,(anonymous_3)
FNF:4
FNH:4
FNDA:4,union
FNDA:10,(anonymous_1)
FNDA:1,inherit
FNDA:1,(anonymous_3)
DA:1,1
DA:2,10
DA:5,1
DA:6,1
DA:7,1
LF:5
LH:5
BRF:0
BRH:0
end_of_record
